<?xml version="1.0" encoding="UTF-8"?>
<!-- Generated by org.testng.reporters.JUnitXMLReporter -->
<testsuite ignored="0" hostname="LAPTOP-IVR6CHF7" failures="0" tests="3" name="Default test" time="10.245" errors="0" timestamp="2024-09-14T09:48:25 IST">
  <testcase classname="tests.Class_26_End_to_frameworkTest" name="createBooking" time="1.906"/>
  <testcase classname="tests.Class_26_End_to_frameworkTest" name="updateBooking" time="1.239"/>
  <testcase classname="tests.Class_26_End_to_frameworkTest" name="deleteBooking" time="2.353"/>
</testsuite> <!-- Default test -->
