<?xml version="1.0" encoding="UTF-8"?>
<!-- Generated by org.testng.reporters.JUnitXMLReporter -->
<testsuite ignored="0" hostname="LAPTOP-IVR6CHF7" failures="0" tests="3" name="Test" time="8.719" errors="0" timestamp="2024-09-14T09:52:02 IST">
  <testcase classname="tests.Class_26_End_to_frameworkTest" name="createBooking" time="1.619"/>
  <testcase classname="tests.Class_26_End_to_frameworkTest" name="updateBooking" time="1.16"/>
  <testcase classname="tests.Class_26_End_to_frameworkTest" name="deleteBooking" time="2.26"/>
</testsuite> <!-- Test -->
