<?xml version="1.0" encoding="UTF-8"?>
<testsuite xmlns:xsi="http://www.w3.org/2001/XMLSchema-instance" xsi:noNamespaceSchemaLocation="https://maven.apache.org/surefire/maven-surefire-plugin/xsd/surefire-test-report.xsd" version="3.0.2" name="TestSuite" time="9.195" tests="3" errors="0" skipped="0" failures="0">
  <properties>
[...]
</properties>
  <testcase name="createBooking" classname="tests.Class_26_End_to_frameworkTest" time="1.436">
    <system-out><![CDATA[*****Generating report instance********
Tue Sep 17 18:01:28 IST 2024
******Reports can be found at C:\Users\PRADE\OneDrive\Desktop\ECLIPSE\july_RestAssured\RestAssuredFramework/Reports/API automation report_17_09_2024_18_01_28.html***********
Request method:	POST
Request URI:	https://restful-booker.herokuapp.com/auth
Proxy:			<none>
Request params:	<none>
Query params:	<none>
Form params:	<none>
Path params:	<none>
Headers:		Accept=*/*
				Content-Type=application/json
Cookies:		<none>
Multiparts:		<none>
Body:
{
    "username": "admin",
    "password": "password123"
}
{
    "token": "565fb6e858d3d2f"
}
Tue Sep 17 18:01:32 IST 2024
Request method:	POST
Request URI:	https://restful-booker.herokuapp.com/booking
Proxy:			<none>
Request params:	<none>
Query params:	<none>
Form params:	<none>
Path params:	<none>
Headers:		Accept=*/*
				Content-Type=application/json
Cookies:		<none>
Multiparts:		<none>
Body:
{
    "firstname": "susmitha",
    "lastname": "Dodda",
    "totalprice": 100,
    "depositpaid": true,
    "bookingdates": {
        "checkin": "2024-09-01",
        "checkout": "2024-09-02"
    },
    "additionalneeds": "dinner"
}
{
    "bookingid": 314,
    "booking": {
        "firstname": "susmitha",
        "lastname": "Dodda",
        "totalprice": 100,
        "depositpaid": true,
        "bookingdates": {
            "checkin": "2024-09-01",
            "checkout": "2024-09-02"
        },
        "additionalneeds": "dinner"
    }
}
HTTP/1.1 200 OK
Server: Cowboy
Report-To: {"group":"heroku-nel","max_age":3600,"endpoints":[{"url":"https://nel.heroku.com/reports?ts=1726576293&sid=c46efe9b-d3d2-4a0c-8c76-bfafa16c5add&s=t8%2FADzrpUhU6pRFyMnNbxHHg3uc87XJDPri9HCkEvbk%3D"}]}
Reporting-Endpoints: heroku-nel=https://nel.heroku.com/reports?ts=1726576293&sid=c46efe9b-d3d2-4a0c-8c76-bfafa16c5add&s=t8%2FADzrpUhU6pRFyMnNbxHHg3uc87XJDPri9HCkEvbk%3D
Nel: {"report_to":"heroku-nel","max_age":3600,"success_fraction":0.005,"failure_fraction":0.05,"response_headers":["Via"]}
Connection: keep-alive
X-Powered-By: Express
Content-Type: application/json; charset=utf-8
Content-Length: 198
Etag: W/"c6-ufArz1M3Re7dKHCyHizQp3WBAjo"
Date: Tue, 17 Sep 2024 12:31:33 GMT
Via: 1.1 vegur

{
    "bookingid": 314,
    "booking": {
        "firstname": "susmitha",
        "lastname": "Dodda",
        "totalprice": 100,
        "depositpaid": true,
        "bookingdates": {
            "checkin": "2024-09-01",
            "checkout": "2024-09-02"
        },
        "additionalneeds": "dinner"
    }
}
**********creating test for report*******
]]></system-out>
    <system-err><![CDATA[SLF4J: Failed to load class "org.slf4j.impl.StaticLoggerBinder".
SLF4J: Defaulting to no-operation (NOP) logger implementation
SLF4J: See http://www.slf4j.org/codes.html#StaticLoggerBinder for further details.
]]></system-err>
  </testcase>
  <testcase name="updateBooking" classname="tests.Class_26_End_to_frameworkTest" time="1.12">
    <system-out><![CDATA[token value is 565fb6e858d3d2f
Request method:	PUT
Request URI:	https://restful-booker.herokuapp.com/booking/314
Proxy:			<none>
Request params:	<none>
Query params:	<none>
Form params:	<none>
Path params:	<none>
Headers:		Cookie=token=565fb6e858d3d2f
				Accept=application/json
				Content-Type=application/json
Cookies:		<none>
Multiparts:		<none>
Body:
{
    "firstname": "Aarush",
    "lastname": "Suram",
    "totalprice": 100,
    "depositpaid": true,
    "bookingdates": {
        "checkin": "2024-09-01",
        "checkout": "2024-09-02"
    },
    "additionalneeds": "dinner"
}
**********creating test for report*******
]]></system-out>
    <system-err><![CDATA[Aarush
]]></system-err>
  </testcase>
  <testcase name="deleteBooking" classname="tests.Class_26_End_to_frameworkTest" time="2.149">
    <system-out><![CDATA[Request method:	DELETE
Request URI:	https://restful-booker.herokuapp.com/booking/314
Proxy:			<none>
Request params:	<none>
Query params:	<none>
Form params:	<none>
Path params:	<none>
Headers:		Cookie=token=565fb6e858d3d2f
				Accept=application/json
				Content-Type=application/json
Cookies:		<none>
Multiparts:		<none>
Body:
{
    "Cookie": "token=565fb6e858d3d2f",
    "Content-Type": "application/json"
}
HTTP/1.1 201 Created
Server: Cowboy
Report-To: {"group":"heroku-nel","max_age":3600,"endpoints":[{"url":"https://nel.heroku.com/reports?ts=1726576295&sid=c46efe9b-d3d2-4a0c-8c76-bfafa16c5add&s=uzk8mT5ZPsIXa7kPf6dF3EWr6xkd4c%2BsyLCzmO%2Bv5lA%3D"}]}
Reporting-Endpoints: heroku-nel=https://nel.heroku.com/reports?ts=1726576295&sid=c46efe9b-d3d2-4a0c-8c76-bfafa16c5add&s=uzk8mT5ZPsIXa7kPf6dF3EWr6xkd4c%2BsyLCzmO%2Bv5lA%3D
Nel: {"report_to":"heroku-nel","max_age":3600,"success_fraction":0.005,"failure_fraction":0.05,"response_headers":["Via"]}
Connection: keep-alive
X-Powered-By: Express
Content-Type: text/plain; charset=utf-8
Content-Length: 7
Etag: W/"7-rM9AyJuqT6iOan/xHh+AW+7K/T8"
Date: Tue, 17 Sep 2024 12:31:35 GMT
Via: 1.1 vegur

Created
*********calling get request to verify whether user is successfully deleted**********
Request method:	GET
Request URI:	https://restful-booker.herokuapp.com/booking/314
Proxy:			<none>
Request params:	<none>
Query params:	<none>
Form params:	<none>
Path params:	<none>
Headers:		Cookie=token=565fb6e858d3d2f
				Accept=application/json
				Content-Type=application/json
Cookies:		<none>
Multiparts:		<none>
Body:
{
    "Cookie": "token=565fb6e858d3d2f",
    "Content-Type": "application/json"
}
404
HTTP/1.1 404 Not Found
Server: Cowboy
Report-To: {"group":"heroku-nel","max_age":3600,"endpoints":[{"url":"https://nel.heroku.com/reports?ts=1726576296&sid=c46efe9b-d3d2-4a0c-8c76-bfafa16c5add&s=FE%2BDR9md6xvLuVkMvKd9YOPzrXPJ97iDsXe%2FQInvgpE%3D"}]}
Reporting-Endpoints: heroku-nel=https://nel.heroku.com/reports?ts=1726576296&sid=c46efe9b-d3d2-4a0c-8c76-bfafa16c5add&s=FE%2BDR9md6xvLuVkMvKd9YOPzrXPJ97iDsXe%2FQInvgpE%3D
Nel: {"report_to":"heroku-nel","max_age":3600,"success_fraction":0.005,"failure_fraction":0.05,"response_headers":["Via"]}
Connection: keep-alive
X-Powered-By: Express
Content-Type: text/plain; charset=utf-8
Content-Length: 9
Etag: W/"9-0gXL1ngzMqISxa6S1zx3F4wtLyg"
Date: Tue, 17 Sep 2024 12:31:36 GMT
Via: 1.1 vegur

Not Found
**********creating test for report*******
]]></system-out>
  </testcase>
</testsuite>