<?xml version="1.0" encoding="UTF-8"?>
<testng-results ignored="0" total="3" passed="3" failed="0" skipped="0">
  <reporter-output>
  </reporter-output>
  <suite started-at="2024-09-13T17:17:50 IST" name="Suite" finished-at="2024-09-13T17:18:04 IST" duration-ms="14130">
    <groups>
    </groups>
    <test started-at="2024-09-13T17:17:50 IST" name="Test" finished-at="2024-09-13T17:18:04 IST" duration-ms="14130">
      <class name="tests.Class_26_End_to_frameworkTest">
        <test-method is-config="true" signature="setUp()[pri:0, instance:tests.Class_26_End_to_frameworkTest@545b995e]" started-at="2024-09-13T17:17:50 IST" name="setUp" finished-at="2024-09-13T17:17:54 IST" duration-ms="4059" status="PASS">
          <reporter-output>
          </reporter-output>
        </test-method> <!-- setUp -->
        <test-method signature="createBooking()[pri:1, instance:tests.Class_26_End_to_frameworkTest@545b995e]" started-at="2024-09-13T17:17:54 IST" name="createBooking" finished-at="2024-09-13T17:17:59 IST" duration-ms="5078" status="PASS">
          <reporter-output>
          </reporter-output>
        </test-method> <!-- createBooking -->
        <test-method signature="updateBooking()[pri:2, instance:tests.Class_26_End_to_frameworkTest@545b995e]" started-at="2024-09-13T17:17:59 IST" name="updateBooking" finished-at="2024-09-13T17:18:00 IST" depends-on-methods="tests.Class_26_End_to_frameworkTest.createBooking" duration-ms="1192" status="PASS">
          <reporter-output>
          </reporter-output>
        </test-method> <!-- updateBooking -->
        <test-method signature="deleteBooking()[pri:3, instance:tests.Class_26_End_to_frameworkTest@545b995e]" started-at="2024-09-13T17:18:00 IST" name="deleteBooking" finished-at="2024-09-13T17:18:04 IST" depends-on-methods="tests.Class_26_End_to_frameworkTest.createBooking" duration-ms="3733" status="PASS">
          <reporter-output>
          </reporter-output>
        </test-method> <!-- deleteBooking -->
      </class> <!-- tests.Class_26_End_to_frameworkTest -->
    </test> <!-- Test -->
  </suite> <!-- Suite -->
</testng-results>
