<?xml version="1.0" encoding="UTF-8"?>
<testsuite xmlns:xsi="http://www.w3.org/2001/XMLSchema-instance" xsi:noNamespaceSchemaLocation="https://maven.apache.org/surefire/maven-surefire-plugin/xsd/surefire-test-report.xsd" version="3.0.2" name="TestSuite" time="16.468" tests="3" errors="0" skipped="0" failures="0">
  <properties>
[...]
</properties>
  <testcase name="createBooking" classname="tests.Class_26_End_to_frameworkTest" time="5.098">
    <system-out><![CDATA[*****Generating report instance********
Fri Sep 13 17:17:49 IST 2024
******Reports can be found at C:\Users\PRADE\OneDrive\Desktop\ECLIPSE\july_RestAssured\RestAssuredFramework/Reports/API automation report_13_09_2024_17_17_49.html***********
Request method:	POST
Request URI:	https://restful-booker.herokuapp.com/auth
Proxy:			<none>
Request params:	<none>
Query params:	<none>
Form params:	<none>
Path params:	<none>
Headers:		Accept=*/*
				Content-Type=application/json
Cookies:		<none>
Multiparts:		<none>
Body:
{
    "username": "admin",
    "password": "password123"
}
{
    "token": "cd3f4c4b546bb86"
}
Request method:	POST
Request URI:	https://restful-booker.herokuapp.com/booking
Proxy:			<none>
Request params:	<none>
Query params:	<none>
Form params:	<none>
Path params:	<none>
Headers:		Accept=*/*
				Content-Type=application/json
Cookies:		<none>
Multiparts:		<none>
Body:
{
    "firstname": "susmitha",
    "lastname": "Dodda",
    "totalprice": 100,
    "depositpaid": true,
    "bookingdates": {
        "checkin": "2024-09-01",
        "checkout": "2024-09-02"
    },
    "additionalneeds": "dinner"
}
{
    "bookingid": 3595,
    "booking": {
        "firstname": "susmitha",
        "lastname": "Dodda",
        "totalprice": 100,
        "depositpaid": true,
        "bookingdates": {
            "checkin": "2024-09-01",
            "checkout": "2024-09-02"
        },
        "additionalneeds": "dinner"
    }
}
HTTP/1.1 200 OK
Server: Cowboy
Report-To: {"group":"heroku-nel","max_age":3600,"endpoints":[{"url":"https://nel.heroku.com/reports?ts=1726228079&sid=c46efe9b-d3d2-4a0c-8c76-bfafa16c5add&s=fdi%2FQCh2FDMffFDb31yY%2Bt4N60072kigiuErQN8vUcw%3D"}]}
Reporting-Endpoints: heroku-nel=https://nel.heroku.com/reports?ts=1726228079&sid=c46efe9b-d3d2-4a0c-8c76-bfafa16c5add&s=fdi%2FQCh2FDMffFDb31yY%2Bt4N60072kigiuErQN8vUcw%3D
Nel: {"report_to":"heroku-nel","max_age":3600,"success_fraction":0.005,"failure_fraction":0.05,"response_headers":["Via"]}
Connection: keep-alive
X-Powered-By: Express
Content-Type: application/json; charset=utf-8
Content-Length: 199
Etag: W/"c7-MOAEtuxc7+pjHMMNRtuTAplzUW0"
Date: Fri, 13 Sep 2024 11:47:59 GMT
Via: 1.1 vegur

{
    "bookingid": 3595,
    "booking": {
        "firstname": "susmitha",
        "lastname": "Dodda",
        "totalprice": 100,
        "depositpaid": true,
        "bookingdates": {
            "checkin": "2024-09-01",
            "checkout": "2024-09-02"
        },
        "additionalneeds": "dinner"
    }
}
**********creating test for report*******
]]></system-out>
    <system-err><![CDATA[SLF4J: Failed to load class "org.slf4j.impl.StaticLoggerBinder".
SLF4J: Defaulting to no-operation (NOP) logger implementation
SLF4J: See http://www.slf4j.org/codes.html#StaticLoggerBinder for further details.
]]></system-err>
  </testcase>
  <testcase name="updateBooking" classname="tests.Class_26_End_to_frameworkTest" time="1.191">
    <system-out><![CDATA[token value is cd3f4c4b546bb86
Request method:	PUT
Request URI:	https://restful-booker.herokuapp.com/booking/3595
Proxy:			<none>
Request params:	<none>
Query params:	<none>
Form params:	<none>
Path params:	<none>
Headers:		Cookie=token=cd3f4c4b546bb86
				Accept=application/json
				Content-Type=application/json
Cookies:		<none>
Multiparts:		<none>
Body:
{
    "firstname": "Aarush",
    "lastname": "Suram",
    "totalprice": 100,
    "depositpaid": true,
    "bookingdates": {
        "checkin": "2024-09-01",
        "checkout": "2024-09-02"
    },
    "additionalneeds": "dinner"
}
**********creating test for report*******
]]></system-out>
    <system-err><![CDATA[Aarush
]]></system-err>
  </testcase>
  <testcase name="deleteBooking" classname="tests.Class_26_End_to_frameworkTest" time="3.734">
    <system-out><![CDATA[Request method:	DELETE
Request URI:	https://restful-booker.herokuapp.com/booking/3595
Proxy:			<none>
Request params:	<none>
Query params:	<none>
Form params:	<none>
Path params:	<none>
Headers:		Cookie=token=cd3f4c4b546bb86
				Accept=application/json
				Content-Type=application/json
Cookies:		<none>
Multiparts:		<none>
Body:
{
    "Cookie": "token=cd3f4c4b546bb86",
    "Content-Type": "application/json"
}
HTTP/1.1 201 Created
Server: Cowboy
Report-To: {"group":"heroku-nel","max_age":3600,"endpoints":[{"url":"https://nel.heroku.com/reports?ts=1726228081&sid=c46efe9b-d3d2-4a0c-8c76-bfafa16c5add&s=abZDx9vsGkWdK4tx9RDy0C%2BvDerR9ufyDjC6sEE3a5c%3D"}]}
Reporting-Endpoints: heroku-nel=https://nel.heroku.com/reports?ts=1726228081&sid=c46efe9b-d3d2-4a0c-8c76-bfafa16c5add&s=abZDx9vsGkWdK4tx9RDy0C%2BvDerR9ufyDjC6sEE3a5c%3D
Nel: {"report_to":"heroku-nel","max_age":3600,"success_fraction":0.005,"failure_fraction":0.05,"response_headers":["Via"]}
Connection: keep-alive
X-Powered-By: Express
Content-Type: text/plain; charset=utf-8
Content-Length: 7
Etag: W/"7-rM9AyJuqT6iOan/xHh+AW+7K/T8"
Date: Fri, 13 Sep 2024 11:48:01 GMT
Via: 1.1 vegur

Created
*********calling get request to verify whether user is successfully deleted**********
Request method:	GET
Request URI:	https://restful-booker.herokuapp.com/booking/3595
Proxy:			<none>
Request params:	<none>
Query params:	<none>
Form params:	<none>
Path params:	<none>
Headers:		Cookie=token=cd3f4c4b546bb86
				Accept=application/json
				Content-Type=application/json
Cookies:		<none>
Multiparts:		<none>
Body:
{
    "Cookie": "token=cd3f4c4b546bb86",
    "Content-Type": "application/json"
}
404
HTTP/1.1 404 Not Found
Server: Cowboy
Report-To: {"group":"heroku-nel","max_age":3600,"endpoints":[{"url":"https://nel.heroku.com/reports?ts=1726228084&sid=c46efe9b-d3d2-4a0c-8c76-bfafa16c5add&s=lSLGbK34z%2FxhmbJ7TP%2FnWSFLWa3tnRbglsNmT%2BIQJQ8%3D"}]}
Reporting-Endpoints: heroku-nel=https://nel.heroku.com/reports?ts=1726228084&sid=c46efe9b-d3d2-4a0c-8c76-bfafa16c5add&s=lSLGbK34z%2FxhmbJ7TP%2FnWSFLWa3tnRbglsNmT%2BIQJQ8%3D
Nel: {"report_to":"heroku-nel","max_age":3600,"success_fraction":0.005,"failure_fraction":0.05,"response_headers":["Via"]}
Connection: keep-alive
X-Powered-By: Express
Content-Type: text/plain; charset=utf-8
Content-Length: 9
Etag: W/"9-0gXL1ngzMqISxa6S1zx3F4wtLyg"
Date: Fri, 13 Sep 2024 11:48:04 GMT
Via: 1.1 vegur

Not Found
**********creating test for report*******
]]></system-out>
  </testcase>
</testsuite>