<?xml version="1.0" encoding="UTF-8"?>
<testng-results ignored="0" total="1" passed="1" failed="0" skipped="0">
  <reporter-output>
  </reporter-output>
  <suite started-at="2024-09-18T12:34:36 IST" name="Default suite" finished-at="2024-09-18T12:34:36 IST" duration-ms="100">
    <groups>
    </groups>
    <test started-at="2024-09-18T12:34:36 IST" name="Default test" finished-at="2024-09-18T12:34:36 IST" duration-ms="100">
      <class name="tests.Sampletest">
        <test-method signature="test1()[pri:0, instance:tests.Sampletest@53aac487]" started-at="2024-09-18T12:34:36 IST" name="test1" finished-at="2024-09-18T12:34:36 IST" duration-ms="15" status="PASS">
          <reporter-output>
          </reporter-output>
        </test-method> <!-- test1 -->
      </class> <!-- tests.Sampletest -->
    </test> <!-- Default test -->
  </suite> <!-- Default suite -->
</testng-results>
